[    0.000000] Initializing cgroup subsys cpuset
[    0.000000] Initializing cgroup subsys cpu
[    0.000000] Initializing cgroup subsys cpuacct
[    0.000000] Linux version 4.4.0-184-generic (buildd@lgw01-amd64-060) (gcc version 5.4.0 20160609 (Ubuntu 5.4.0-6ubuntu1~16.04.12) ) #214-Ubuntu SMP Thu Jun 4 10:14:11 UTC 2020 (Ubuntu 4.4.0-184.214-generic 4.4.223)
[    0.000000] Command line: BOOT_IMAGE=/boot/vmlinuz-4.4.0-184-generic root=LABEL=cloudimg-rootfs ro console=tty1 console=ttyS0
[    0.000000] KERNEL supported cpus:
[    0.000000]   Intel GenuineIntel
[    0.000000]   AMD AuthenticAMD
[    0.000000]   Centaur CentaurHauls
[    0.000000] x86/fpu: xstate_offset[2]:  576, xstate_sizes[2]:  256
[    0.000000] x86/fpu: Supporting XSAVE feature 0x01: 'x87 floating point registers'
[    0.000000] x86/fpu: Supporting XSAVE feature 0x02: 'SSE registers'
[    0.000000] x86/fpu: Supporting XSAVE feature 0x04: 'AVX registers'
[    0.000000] x86/fpu: Enabled xstate features 0x7, context size is 832 bytes, using 'standard' format.
[    0.000000] e820: BIOS-provided physical RAM map:
[    0.000000] BIOS-e820: [mem 0x0000000000000000-0x000000000009fbff] usable
[    0.000000] BIOS-e820: [mem 0x000000000009fc00-0x000000000009ffff] reserved
[    0.000000] BIOS-e820: [mem 0x00000000000f0000-0x00000000000fffff] reserved
[    0.000000] BIOS-e820: [mem 0x0000000000100000-0x000000007ffeffff] usable
[    0.000000] BIOS-e820: [mem 0x000000007fff0000-0x000000007fffffff] ACPI data
[    0.000000] BIOS-e820: [mem 0x00000000fec00000-0x00000000fec00fff] reserved
[    0.000000] BIOS-e820: [mem 0x00000000fee00000-0x00000000fee00fff] reserved
[    0.000000] BIOS-e820: [mem 0x00000000fffc0000-0x00000000ffffffff] reserved
[    0.000000] NX (Execute Disable) protection: active
[    0.000000] SMBIOS 2.5 present.
[    0.000000] Hypervisor detected: KVM
[    0.000000] e820: last_pfn = 0x7fff0 max_arch_pfn = 0x400000000
[    0.000000] MTRR: Disabled
[    0.000000] x86/PAT: MTRRs disabled, skipping PAT initialization too.
[    0.000000] CPU MTRRs all blank - virtualized system.
[    0.000000] x86/PAT: Configuration [0-7]: WB  WT  UC- UC  WB  WT  UC- UC  
[    0.000000] found SMP MP-table at [mem 0x0009fff0-0x0009ffff] mapped at [ffff88000009fff0]
[    0.000000] Scanning 1 areas for low memory corruption
[    0.000000] RAMDISK: [mem 0x362de000-0x37166fff]
[    0.000000] ACPI: Early table checksum verification disabled
[    0.000000] ACPI: RSDP 0x00000000000E0000 000024 (v02 VBOX  )
[    0.000000] ACPI: XSDT 0x000000007FFF0030 00003C (v01 VBOX   VBOXXSDT 00000001 ASL  00000061)
[    0.000000] ACPI: FACP 0x000000007FFF00F0 0000F4 (v04 VBOX   VBOXFACP 00000001 ASL  00000061)
[    0.000000] ACPI: DSDT 0x000000007FFF0470 002325 (v02 VBOX   VBOXBIOS 00000002 INTL 20100528)
[    0.000000] ACPI: FACS 0x000000007FFF0200 000040
[    0.000000] ACPI: FACS 0x000000007FFF0200 000040
[    0.000000] ACPI: APIC 0x000000007FFF0240 00005C (v02 VBOX   VBOXAPIC 00000001 ASL  00000061)
[    0.000000] ACPI: SSDT 0x000000007FFF02A0 0001CC (v01 VBOX   VBOXCPUT 00000002 INTL 20100528)
[    0.000000] No NUMA configuration found
[    0.000000] Faking a node at [mem 0x0000000000000000-0x000000007ffeffff]
[    0.000000] NODE_DATA(0) allocated [mem 0x7ffeb000-0x7ffeffff]
[    0.000000] kvm-clock: Using msrs 4b564d01 and 4b564d00
[    0.000000] kvm-clock: cpu 0, msr 0:7ffe3001, primary cpu clock
[    0.000000] kvm-clock: using sched offset of 3381459610 cycles
[    0.000000] clocksource: kvm-clock: mask: 0xffffffffffffffff max_cycles: 0x1cd42e4dffb, max_idle_ns: 881590591483 ns
[    0.000000] Zone ranges:
[    0.000000]   DMA      [mem 0x0000000000001000-0x0000000000ffffff]
[    0.000000]   DMA32    [mem 0x0000000001000000-0x000000007ffeffff]
[    0.000000]   Normal   empty
[    0.000000]   Device   empty
[    0.000000] Movable zone start for each node
[    0.000000] Early memory node ranges
[    0.000000]   node   0: [mem 0x0000000000001000-0x000000000009efff]
[    0.000000]   node   0: [mem 0x0000000000100000-0x000000007ffeffff]
[    0.000000] Initmem setup node 0 [mem 0x0000000000001000-0x000000007ffeffff]
[    0.000000] ACPI: PM-Timer IO Port: 0x4008
[    0.000000] IOAPIC[0]: apic_id 2, version 32, address 0xfec00000, GSI 0-23
[    0.000000] ACPI: INT_SRC_OVR (bus 0 bus_irq 0 global_irq 2 dfl dfl)
[    0.000000] ACPI: INT_SRC_OVR (bus 0 bus_irq 9 global_irq 9 low level)
[    0.000000] Using ACPI (MADT) for SMP configuration information
[    0.000000] smpboot: Allowing 2 CPUs, 0 hotplug CPUs
[    0.000000] PM: Registered nosave memory: [mem 0x00000000-0x00000fff]
[    0.000000] PM: Registered nosave memory: [mem 0x0009f000-0x0009ffff]
[    0.000000] PM: Registered nosave memory: [mem 0x000a0000-0x000effff]
[    0.000000] PM: Registered nosave memory: [mem 0x000f0000-0x000fffff]
[    0.000000] e820: [mem 0x80000000-0xfebfffff] available for PCI devices
[    0.000000] Booting paravirtualized kernel on KVM
[    0.000000] clocksource: refined-jiffies: mask: 0xffffffff max_cycles: 0xffffffff, max_idle_ns: 7645519600211568 ns
[    0.000000] setup_percpu: NR_CPUS:512 nr_cpumask_bits:512 nr_cpu_ids:2 nr_node_ids:1
[    0.000000] PERCPU: Embedded 33 pages/cpu @ffff88007fc00000 s95448 r8192 d31528 u1048576
[    0.000000] Built 1 zonelists in Node order, mobility grouping on.  Total pages: 515960
[    0.000000] Policy zone: DMA32
[    0.000000] Kernel command line: BOOT_IMAGE=/boot/vmlinuz-4.4.0-184-generic root=LABEL=cloudimg-rootfs ro console=tty1 console=ttyS0
[    0.000000] PID hash table entries: 4096 (order: 3, 32768 bytes)
[    0.000000] Memory: 2029856K/2096696K available (8632K kernel code, 1336K rwdata, 4036K rodata, 1492K init, 1292K bss, 66840K reserved, 0K cma-reserved)
[    0.000000] SLUB: HWalign=64, Order=0-3, MinObjects=0, CPUs=2, Nodes=1
[    0.000000] Kernel/User page tables isolation: enabled
[    0.000000] Hierarchical RCU implementation.
[    0.000000] 	Build-time adjustment of leaf fanout to 64.
[    0.000000] 	RCU restricting CPUs from NR_CPUS=512 to nr_cpu_ids=2.
[    0.000000] RCU: Adjusting geometry for rcu_fanout_leaf=64, nr_cpu_ids=2
[    0.000000] NR_IRQS:33024 nr_irqs:440 16
[    0.000000] Console: colour VGA+ 80x25
[    0.000000] console [tty1] enabled
[    0.000000] console [ttyS0] enabled
[    0.000000] tsc: Detected 1896.001 MHz processor
[    0.188014] Calibrating delay loop (skipped) preset value.. 3792.00 BogoMIPS (lpj=7584004)
[    0.190124] pid_max: default: 32768 minimum: 301
[    0.191411] ACPI: Core revision 20150930
[    0.194293] ACPI: 2 ACPI AML tables successfully acquired and loaded
[    0.195765] Security Framework initialized
[    0.196738] Yama: becoming mindful.
[    0.197598] AppArmor: AppArmor initialized
[    0.200291] Dentry cache hash table entries: 262144 (order: 9, 2097152 bytes)
[    0.202037] Inode-cache hash table entries: 131072 (order: 8, 1048576 bytes)
[    0.205417] Mount-cache hash table entries: 4096 (order: 3, 32768 bytes)
[    0.207057] Mountpoint-cache hash table entries: 4096 (order: 3, 32768 bytes)
[    0.208642] Initializing cgroup subsys io
[    0.209573] Initializing cgroup subsys memory
[    0.210561] Initializing cgroup subsys devices
[    0.211575] Initializing cgroup subsys freezer
[    0.212579] Initializing cgroup subsys net_cls
[    0.213573] Initializing cgroup subsys perf_event
[    0.214679] Initializing cgroup subsys net_prio
[    0.215710] Initializing cgroup subsys hugetlb
[    0.216786] Initializing cgroup subsys pids
[    0.219420] mce: CPU supports 0 MCE banks
[    0.220440] Last level iTLB entries: 4KB 64, 2MB 8, 4MB 8
[    0.221599] Last level dTLB entries: 4KB 64, 2MB 0, 4MB 0, 1GB 4
[    0.222869] Spectre V1 : Mitigation: usercopy/swapgs barriers and __user pointer sanitization
[    0.224846] Spectre V2 : Mitigation: Full generic retpoline
[    0.226016] Spectre V2 : Spectre v2 / SpectreRSB mitigation: Filling RSB on context switch
[    0.227858] Speculative Store Bypass: Vulnerable
[    0.229387] SRBDS: Unknown: Dependent on hypervisor status
[    0.230673] MDS: Mitigation: Clear CPU buffers
[    0.234701] Freeing SMP alternatives memory: 36K
[    0.242415] ftrace: allocating 32319 entries in 127 pages
[    0.306239] smpboot: APIC(0) Converting physical 0 to logical package 0
[    0.307972] smpboot: Max logical packages: 1
[    0.309367] x2apic enabled
[    0.310499] Switched APIC routing to physical x2apic.
[    0.313238] ..TIMER: vector=0x30 apic1=0 pin1=2 apic2=-1 pin2=-1
[    0.422856] smpboot: CPU0: Intel(R) Core(TM) i5-8350U CPU @ 1.70GHz (family: 0x6, model: 0x8e, stepping: 0xa)
[    0.425639] Performance Events: unsupported p6 CPU model 142 no PMU driver, software events only.
[    0.437119] KVM setup paravirtual spinlock
[    0.440694] x86: Booting SMP configuration:
[    0.441888] .... node  #0, CPUs:      #1
[    0.443133] kvm-clock: cpu 1, msr 0:7ffe3041, secondary cpu clock
[    0.445406] mce: CPU supports 0 MCE banks
[    0.448124] x86: Booted up 1 node, 2 CPUs
[    0.449802] smpboot: Total of 2 processors activated (7584.00 BogoMIPS)
[    0.452377] devtmpfs: initialized
[    0.455463] evm: security.selinux
[    0.456564] evm: security.SMACK64
[    0.458155] evm: security.SMACK64EXEC
[    0.459422] evm: security.SMACK64TRANSMUTE
[    0.460437] evm: security.SMACK64MMAP
[    0.461359] evm: security.ima
[    0.462145] evm: security.capability
[    0.463239] clocksource: jiffies: mask: 0xffffffff max_cycles: 0xffffffff, max_idle_ns: 7645041785100000 ns
[    0.465704] futex hash table entries: 512 (order: 3, 32768 bytes)
[    0.467128] pinctrl core: initialized pinctrl subsystem
[    0.468357] RTC time: 17:29:36, date: 07/09/20
[    0.469573] NET: Registered protocol family 16
[    0.479543] cpuidle: using governor ladder
[    0.492512] cpuidle: using governor menu
[    0.493647] PCCT header not found.
[    0.494628] ACPI: bus type PCI registered
[    0.495741] acpiphp: ACPI Hot Plug PCI Controller Driver version: 0.5
[    0.497641] PCI: Using configuration type 1 for base access
[    0.513999] ACPI: Added _OSI(Module Device)
[    0.515216] ACPI: Added _OSI(Processor Device)
[    0.516560] ACPI: Added _OSI(3.0 _SCP Extensions)
[    0.520623] ACPI: Added _OSI(Processor Aggregator Device)
[    0.522851] ACPI: Executed 1 blocks of module-level executable AML code
[    0.526862] ACPI: Interpreter enabled
[    0.527806] ACPI: (supports S0 S5)
[    0.528731] ACPI: Using IOAPIC for interrupt routing
[    0.530110] PCI: Using host bridge windows from ACPI; if necessary, use "pci=nocrs" and report a bug
[    0.536322] ACPI: PCI Root Bridge [PCI0] (domain 0000 [bus 00-ff])
[    0.538535] acpi PNP0A03:00: _OSC: OS supports [ASPM ClockPM Segments MSI]
[    0.540487] acpi PNP0A03:00: _OSC: not requesting OS control; OS requires [ExtendedConfig ASPM ClockPM MSI]
[    0.542781] acpi PNP0A03:00: fail to add MMCONFIG information, can't access extended PCI configuration space under this bridge.
[    0.545953] PCI host bridge to bus 0000:00
[    0.547069] pci_bus 0000:00: root bus resource [io  0x0000-0x0cf7 window]
[    0.548818] pci_bus 0000:00: root bus resource [io  0x0d00-0xffff window]
[    0.550369] pci_bus 0000:00: root bus resource [mem 0x000a0000-0x000bffff window]
[    0.552421] pci_bus 0000:00: root bus resource [mem 0x80000000-0xfdffffff window]
[    0.554276] pci_bus 0000:00: root bus resource [bus 00-ff]
[    0.557602] pci 0000:00:01.1: legacy IDE quirk: reg 0x10: [io  0x01f0-0x01f7]
[    0.559248] pci 0000:00:01.1: legacy IDE quirk: reg 0x14: [io  0x03f6]
[    0.560865] pci 0000:00:01.1: legacy IDE quirk: reg 0x18: [io  0x0170-0x0177]
[    0.575181] pci 0000:00:01.1: legacy IDE quirk: reg 0x1c: [io  0x0376]
[    0.599774] pci 0000:00:07.0: quirk: [io  0x4000-0x403f] claimed by PIIX4 ACPI
[    0.601623] pci 0000:00:07.0: quirk: [io  0x4100-0x410f] claimed by PIIX4 SMB
[    0.610839] ACPI: PCI Interrupt Link [LNKA] (IRQs 5 9 10 *11)
[    0.613084] ACPI: PCI Interrupt Link [LNKB] (IRQs 5 9 *10 11)
[    0.615214] ACPI: PCI Interrupt Link [LNKC] (IRQs 5 *9 10 11)
[    0.617319] ACPI: PCI Interrupt Link [LNKD] (IRQs 5 9 10 *11)
[    0.619329] ACPI: Enabled 2 GPEs in block 00 to 07
[    0.620962] vgaarb: setting as boot device: PCI:0000:00:02.0
[    0.622345] vgaarb: device added: PCI:0000:00:02.0,decodes=io+mem,owns=io+mem,locks=none
[    0.624465] vgaarb: loaded
[    0.625302] vgaarb: bridge control possible 0000:00:02.0
[    0.626816] SCSI subsystem initialized
[    0.627996] ACPI: bus type USB registered
[    0.629123] usbcore: registered new interface driver usbfs
[    0.630404] usbcore: registered new interface driver hub
[    0.631668] usbcore: registered new device driver usb
[    0.633274] PCI: Using ACPI for IRQ routing
[    0.634752] NetLabel: Initializing
[    0.635782] NetLabel:  domain hash size = 128
[    0.636950] NetLabel:  protocols = UNLABELED CIPSOv4
[    0.638155] NetLabel:  unlabeled traffic allowed by default
[    0.639699] amd_nb: Cannot enumerate AMD northbridges
[    0.641097] clocksource: Switched to clocksource kvm-clock
[    0.658088] AppArmor: AppArmor Filesystem Enabled
[    0.659370] pnp: PnP ACPI init
[    0.661037] pnp: PnP ACPI: found 3 devices
[    0.674763] clocksource: acpi_pm: mask: 0xffffff max_cycles: 0xffffff, max_idle_ns: 2085701024 ns
[    0.676970] NET: Registered protocol family 2
[    0.678199] TCP established hash table entries: 16384 (order: 5, 131072 bytes)
[    0.680324] TCP bind hash table entries: 16384 (order: 6, 262144 bytes)
[    0.682030] TCP: Hash tables configured (established 16384 bind 16384)
[    0.683580] UDP hash table entries: 1024 (order: 3, 32768 bytes)
[    0.685049] UDP-Lite hash table entries: 1024 (order: 3, 32768 bytes)
[    0.686671] NET: Registered protocol family 1
[    0.687749] pci 0000:00:00.0: Limiting direct PCI/PCI transfers
[    0.689326] pci 0000:00:01.0: Activating ISA DMA hang workarounds
[    0.691012] Unpacking initramfs...
[    0.906700] Freeing initrd memory: 14884K
[    0.908010] clocksource: tsc: mask: 0xffffffffffffffff max_cycles: 0x36a8d4a2582, max_idle_ns: 881590642256 ns
[    0.910712] platform rtc_cmos: registered platform RTC device (no PNP device found)
[    0.912684] Scanning for low memory corruption every 60 seconds
[    0.914585] audit: initializing netlink subsys (disabled)
[    0.915908] audit: type=2000 audit(1594315782.488:1): initialized
[    0.917744] Initialise system trusted keyring
[    0.919298] HugeTLB registered 2 MB page size, pre-allocated 0 pages
[    0.922105] zbud: loaded
[    0.923416] VFS: Disk quotas dquot_6.6.0
[    0.924526] VFS: Dquot-cache hash table entries: 512 (order 0, 4096 bytes)
[    0.926493] squashfs: version 4.0 (2009/01/31) Phillip Lougher
[    0.928136] fuse init (API version 7.23)
[    0.929240] Key type big_key registered
[    0.930508] Allocating IMA MOK and blacklist keyrings.
[    0.934050] Key type asymmetric registered
[    0.935028] Asymmetric key parser 'x509' registered
[    0.936186] Block layer SCSI generic (bsg) driver version 0.4 loaded (major 249)
[    0.938173] io scheduler noop registered
[    0.939203] io scheduler deadline registered (default)
[    0.940455] io scheduler cfq registered
[    0.941535] pci_hotplug: PCI Hot Plug PCI Core version: 0.5
[    0.942833] pciehp: PCI Express Hot Plug Controller Driver version: 0.4
[    0.944464] ACPI: AC Adapter [AC] (on-line)
[    0.945499] input: Power Button as /devices/LNXSYSTM:00/LNXPWRBN:00/input/input0
[    0.947407] ACPI: Power Button [PWRF]
[    0.948377] input: Sleep Button as /devices/LNXSYSTM:00/LNXSLPBN:00/input/input1
[    0.950152] ACPI: Sleep Button [SLPF]
[    0.951952] ACPI: Battery Slot [BAT0] (battery present)
[    0.953158] GHES: HEST is not enabled!
[    0.954333] Serial: 8250/16550 driver, 32 ports, IRQ sharing enabled
[    0.989216] 00:02: ttyS0 at I/O 0x3f8 (irq = 4, base_baud = 115200) is a 16550A
[    0.992713] Linux agpgart interface v0.103
[    0.997762] loop: module loaded
[    0.999552] scsi host0: ata_piix
[    1.000892] scsi host1: ata_piix
[    1.002032] ata1: PATA max UDMA/33 cmd 0x1f0 ctl 0x3f6 bmdma 0xd000 irq 14
[    1.003709] ata2: PATA max UDMA/33 cmd 0x170 ctl 0x376 bmdma 0xd008 irq 15
[    1.005676] libphy: Fixed MDIO Bus: probed
[    1.006758] tun: Universal TUN/TAP device driver, 1.6
[    1.008037] tun: (C) 1999-2004 Max Krasnyansky <maxk@qualcomm.com>
[    1.009580] PPP generic driver version 2.4.2
[    1.010810] ehci_hcd: USB 2.0 'Enhanced' Host Controller (EHCI) Driver
[    1.012321] ehci-pci: EHCI PCI platform driver
[    1.013488] ehci-platform: EHCI generic platform driver
[    1.014878] ohci_hcd: USB 1.1 'Open' Host Controller (OHCI) Driver
[    1.016402] ohci-pci: OHCI PCI platform driver
[    1.017725] ohci-platform: OHCI generic platform driver
[    1.019161] uhci_hcd: USB Universal Host Controller Interface driver
[    1.020685] i8042: PNP: PS/2 Controller [PNP0303:PS2K,PNP0f03:PS2M] at 0x60,0x64 irq 1,12
[    1.023471] serio: i8042 KBD port at 0x60,0x64 irq 1
[    1.024872] serio: i8042 AUX port at 0x60,0x64 irq 12
[    1.026379] mousedev: PS/2 mouse device common for all mice
[    1.028137] rtc_cmos rtc_cmos: rtc core: registered rtc_cmos as rtc0
[    1.029723] rtc_cmos rtc_cmos: alarms up to one day, 114 bytes nvram
[    1.031189] i2c /dev entries driver
[    1.032185] input: AT Translated Set 2 keyboard as /devices/platform/i8042/serio0/input/input2
[    1.034466] device-mapper: uevent: version 1.0.3
[    1.035781] device-mapper: ioctl: 4.34.0-ioctl (2015-10-28) initialised: dm-devel@redhat.com
[    1.038147] ledtrig-cpu: registered to indicate activity on CPUs
[    1.040566] NET: Registered protocol family 10
[    1.042073] NET: Registered protocol family 17
[    1.043286] Key type dns_resolver registered
[    1.044816] registered taskstats version 1
[    1.045950] Loading compiled-in X.509 certificates
[    1.047592] Loaded X.509 cert 'Build time autogenerated kernel key: b6ae09eed57f82583ccd3c65c463e852cdd7a0b5'
[    1.049951] zswap: loaded using pool lzo/zbud
[    1.052958] Key type trusted registered
[    1.057040] Key type encrypted registered
[    1.058257] AppArmor: AppArmor sha1 policy hashing enabled
[    1.059524] ima: No TPM chip found, activating TPM-bypass!
[    1.060841] ima: Allocated hash algorithm: sha1
[    1.062054] evm: HMAC attrs: 0x1
[    1.063259]   Magic number: 12:411:491
[    1.064389] rtc_cmos rtc_cmos: setting system clock to 2020-07-09 17:29:37 UTC (1594315777)
[    1.066625] BIOS EDD facility v0.16 2004-Jun-25, 0 devices found
[    1.067999] EDD information not available.
[    1.185954] Freeing unused kernel memory: 1492K
[    1.187128] Write protecting the kernel read-only data: 14336k
[    1.188948] Freeing unused kernel memory: 1596K
[    1.190715] Freeing unused kernel memory: 60K
Loading, please wait...
starting version 229
[    1.204132] random: systemd-udevd: uninitialized urandom read (16 bytes read, 3 bits of entropy available)
[    1.204668] random: udevadm: uninitialized urandom read (16 bytes read, 3 bits of entropy available)
[    1.204689] random: udevadm: uninitialized urandom read (16 bytes read, 3 bits of entropy available)
[    1.211770] random: systemd-udevd: uninitialized urandom read (16 bytes read, 3 bits of entropy available)
[    1.212904] random: udevadm: uninitialized urandom read (16 bytes read, 3 bits of entropy available)
[    1.212940] random: udevadm: uninitialized urandom read (16 bytes read, 3 bits of entropy available)
[    1.213096] random: udevadm: uninitialized urandom read (16 bytes read, 3 bits of entropy available)
[    1.213192] random: udevadm: uninitialized urandom read (16 bytes read, 3 bits of entropy available)
[    1.213243] random: udevadm: uninitialized urandom read (16 bytes read, 3 bits of entropy available)
[    1.213291] random: udevadm: uninitialized urandom read (16 bytes read, 3 bits of entropy available)
[    1.255791] e1000: Intel(R) PRO/1000 Network Driver - version 7.3.21-k8-NAPI
[    1.257803] e1000: Copyright (c) 1999-2006 Intel Corporation.
[    1.262569] Fusion MPT base driver 3.04.20
[    1.263801] Copyright (c) 1999-2008 LSI Corporation
[    1.270083] Fusion MPT SPI Host driver 3.04.20
[    1.283188] AVX2 version of gcm_enc/dec engaged.
[    1.284671] AES CTR mode by8 optimization enabled
[    1.470660] input: ImExPS/2 Generic Explorer Mouse as /devices/platform/i8042/serio1/input/input4
[    1.643806] e1000 0000:00:03.0 eth0: (PCI:33MHz:32-bit) 02:35:97:08:6b:2a
[    1.645439] e1000 0000:00:03.0 eth0: Intel(R) PRO/1000 Network Connection
[    1.647841] mptbase: ioc0: Initiating bringup
[    1.648514] e1000 0000:00:03.0 enp0s3: renamed from eth0
[    1.713985] ioc0: LSI53C1030 A0: Capabilities={Initiator}
[    1.876489] scsi host2: ioc0: LSI53C1030 A0, FwRev=00000000h, Ports=1, MaxQ=256, IRQ=20
[    1.993895] scsi 2:0:0:0: Direct-Access     VBOX     HARDDISK         1.0  PQ: 0 ANSI: 5
[    1.995903] scsi target2:0:0: Beginning Domain Validation
[    1.999734] scsi target2:0:0: Domain Validation skipping write tests
[    2.001271] scsi target2:0:0: Ending Domain Validation
[    2.002692] scsi target2:0:0: asynchronous
[    2.004801] scsi 2:0:1:0: Direct-Access     VBOX     HARDDISK         1.0  PQ: 0 ANSI: 5
[    2.006956] scsi target2:0:1: Beginning Domain Validation
[    2.011239] scsi target2:0:1: Domain Validation skipping write tests
[    2.025334] scsi target2:0:1: Ending Domain Validation
[    2.026844] scsi target2:0:1: asynchronous
[    2.035813] sd 2:0:0:0: Attached scsi generic sg0 type 0
[    2.037201] sd 2:0:0:0: [sda] 20971520 512-byte logical blocks: (10.7 GB/10.0 GiB)
[    2.039450] sd 2:0:1:0: Attached scsi generic sg1 type 0
[    2.040663] sd 2:0:1:0: [sdb] 20480 512-byte logical blocks: (10.5 MB/10.0 MiB)
[    2.042630] sd 2:0:0:0: [sda] Write Protect is off
[    2.042861] sd 2:0:1:0: [sdb] Write Protect is off
[    2.043181] sd 2:0:1:0: [sdb] Incomplete mode parameter data
[    2.043182] sd 2:0:1:0: [sdb] Assuming drive cache: write through
[    2.047412] sd 2:0:1:0: [sdb] Attached SCSI disk
[    2.050376] sd 2:0:0:0: [sda] Incomplete mode parameter data
[    2.051751] sd 2:0:0:0: [sda] Assuming drive cache: write through
[    2.056364]  sda: sda1
[    2.058955] sd 2:0:0:0: [sda] Attached SCSI disk
Begin: Loading essential drivers ... [    3.504223] md: linear personality registered for level -1
[    3.507978] md: multipath personality registered for level -4
[    3.512032] md: raid0 personality registered for level 0
[    3.516204] md: raid1 personality registered for level 1
[    3.585884] raid6: sse2x1   gen() 10997 MB/s
[    3.653301] raid6: sse2x1   xor()  9133 MB/s
[    3.721617] raid6: sse2x2   gen() 14542 MB/s
[    3.789843] raid6: sse2x2   xor() 10473 MB/s
[    3.857283] raid6: sse2x4   gen() 17091 MB/s
[    3.925555] raid6: sse2x4   xor() 10284 MB/s
[    3.993120] raid6: avx2x1   gen() 23990 MB/s
[    4.061155] raid6: avx2x2   gen() 23374 MB/s
[    4.129235] raid6: avx2x4   gen() 27187 MB/s
[    4.130469] raid6: using algorithm avx2x4 gen() 27187 MB/s
[    4.131779] raid6: using avx2x2 recovery algorithm
[    4.138369] xor: automatically using best checksumming function:
[    4.177149]    avx       : 24609.000 MB/sec
[    4.179603] async_tx: api initialized (async)
[    4.188152] md: raid6 personality registered for level 6
[    4.189922] md: raid5 personality registered for level 5
[    4.191250] md: raid4 personality registered for level 4
[    4.204536] md: raid10 personality registered for level 10
done.
Begin: Running /scripts/init-premount ... done.
Begin: Mounting root file system ... Begin: Running /scripts/local-top ... done.
Begin: Running /scripts/local-premount ... [    4.237157] Btrfs loaded
Scanning for Btrfs filesystems
done.
Warning: fsck not present, so skipping root file system
[    4.268719] EXT4-fs (sda1): mounted filesystem with ordered data mode. Opts: (null)
done.
Begin: Running /scripts/local-bottom ... done.
Begin: Running /scripts/init-bottom ... done.
[    4.357582] systemd[1]: systemd 229 running in system mode. (+PAM +AUDIT +SELINUX +IMA +APPARMOR +SMACK +SYSVINIT +UTMP +LIBCRYPTSETUP +GCRYPT +GNUTLS +ACL +XZ -LZ4 +SECCOMP +BLKID +ELFUTILS +KMOD -IDN)
[    4.362177] systemd[1]: Detected virtualization oracle.
[    4.363594] systemd[1]: Detected architecture x86-64.

Welcome to [1mUbuntu 16.04.6 LTS[0m!

[    4.368180] systemd[1]: Set hostname to <ubuntu>.
[    4.372438] systemd[1]: Initializing machine ID from random generator.
[    4.374132] systemd[1]: Installed transient /etc/machine-id file.
[    4.498573] systemd[1]: Created slice System Slice.
[[0;32m  OK  [0m] Created slice System Slice.
[    4.505833] systemd[1]: Started Forward Password Requests to Wall Directory Watch.
[[0;32m  OK  [0m] Started Forward Password Requests to Wall Directory Watch.
[    4.509149] systemd[1]: Set up automount Arbitrary Executable File Formats File System Automount Point.
[[0;32m  OK  [0m] Set up automount Arbitrary Executab...ats File System Automount Point.
[    4.517767] systemd[1]: Listening on Journal Socket (/dev/log).
[[0;32m  OK  [0m] Listening on Journal Socket (/dev/log).
[    4.526101] systemd[1]: Reached target Encrypted Volumes.
[[0;32m  OK  [0m] Reached target Encrypted Volumes.
[    4.528121] systemd[1]: Listening on /dev/initctl Compatibility Named Pipe.
[[0;32m  OK  [0m] Listening on /dev/initctl Compatibility Named Pipe.
[    4.530811] systemd[1]: Listening on udev Control Socket.
[[0;32m  OK  [0m] Listening on udev Control Socket.
[    4.538002] systemd[1]: Listening on Journal Audit Socket.
[[0;32m  OK  [0m] Listening on Journal Audit Socket.
[    4.541033] systemd[1]: Listening on LVM2 metadata daemon socket.
[[0;32m  OK  [0m] Listening on LVM2 metadata daemon socket.
[    4.543304] systemd[1]: Reached target Swap.
[[0;32m  OK  [0m] Reached target Swap.
[    4.549941] systemd[1]: Created slice User and Session Slice.
[[0;32m  OK  [0m] Created slice User and Session Slice.
[    4.557780] systemd[1]: Listening on Journal Socket.
[[0;32m  OK  [0m] Listening on Journal Socket.
[    4.573323] systemd[1]: Starting Load Kernel Modules...
         Starting Load Kernel Modules...
[    4.580639] Loading iSCSI transport class v2.0-870.
[    4.582288] systemd[1]: Mounting Huge Pages File System...
         Mounting Huge Pages File System...
[    4.585120] systemd[1]: Starting Set console keymap...
         Starting Set console keymap...
[    4.588949] systemd[1]: Starting Uncomplicated firewall...
         Starting Uncomplicated firewall...
[    4.592038] systemd[1]: Starting Nameserver information manager...
         Starting Nameserver information manager...
[    4.596312] systemd[1]: Mounting Debug File System...
[    4.598067] iscsi: registered transport (tcp)
         Mounting Debug File System...
[    4.605807] systemd[1]: Created slice system-serial\x2dgetty.slice.
[[0;32m  OK  [0m] Created slice system-serial\x2dgetty.slice.
[    4.608122] systemd[1]: Listening on Device-mapper event daemon FIFOs.
[[0;32m  OK  [0m] Listening on Device-mapper event daemon FIFOs.
[    4.613065] systemd[1]: Starting Monitoring of LVM2 mirrors, snapshots etc. using dmeventd or progress polling...
         Starting Monitoring of LVM2 mirrors... dmeventd or progress polling...
[    4.618374] systemd[1]: Reached target Slices.
[[0;32m  OK  [0m] Reached target Slices.
[    4.620281] systemd[1]: Listening on udev Kernel Socket.
[[0;32m  OK  [0m] Listening on udev Kernel Socket.
[    4.624068] systemd[1]: Listening on Syslog Socket.
[[0;32m  OK  [0m] Listening on Syslog Socket.
[    4.643043] iscsi: registered transport (iser)
[    4.645525] systemd[1]: Starting Journal Service...
         Starting Journal Service...
[    4.654805] systemd[1]: Started Trigger resolvconf update for networkd DNS.
[[0;32m  OK  [0m] Started Trigger resolvconf update for networkd DNS.
[    4.669832] systemd[1]: Reached target System Time Synchronized.
[[0;32m  OK  [0m] Reached target System Time Synchronized.
[    4.693719] systemd[1]: Starting Create list of required static device nodes for the current kernel...
         Starting Create list of required st... nodes for the current kernel...
[    4.710023] systemd[1]: Listening on LVM2 poll daemon socket.
[[0;32m  OK  [0m] Listening on LVM2 poll daemon socket.
[    4.713220] systemd[1]: Reached target User and Group Name Lookups.
[[0;32m  OK  [0m] Reached target User and Group Name Lookups.
[    4.738113] systemd[1]: Mounting POSIX Message Queue File System...
         Mounting POSIX Message Queue File System...
[    4.744200] systemd[1]: Starting Remount Root and Kernel File Systems...
         Starting Remount Root and Kernel File Systems...
[    4.750583] systemd[1]: Mounted Debug File System.
[    4.752418] EXT4-fs (sda1): re-mounted. Opts: (null)
[[0;32m  OK  [0m] Mounted Debug File System.
[    4.755118] systemd[1]: Mounted Huge Pages File System.
[[0;32m  OK  [0m] Mounted Huge Pages File System.
[    4.757593] systemd[1]: Mounted POSIX Message Queue File System.
[[0;32m  OK  [0m] Mounted POSIX Message Queue File System.
[    4.766152] systemd[1]: Started Journal Service.
[[0;32m  OK  [0m] Started Journal Service.
[[0;32m  OK  [0m] Started Load Kernel Modules.
[[0;32m  OK  [0m] Started Set console keymap.
[[0;32m  OK  [0m] Started Uncomplicated firewall.
[[0;32m  OK  [0m] Started Create list of required sta...ce nodes for the current kernel.
[[0;32m  OK  [0m] Started Remount Root and Kernel File Systems.
[[0;32m  OK  [0m] Started Nameserver information manager.
[[0;32m  OK  [0m] Started LVM2 metadata daemon.
         Starting Load/Save Random Seed...
         Starting udev Coldplug all Devices...
         Starting Create Static Device Nodes in /dev...
         Mounting FUSE Control File System...
         Starting Apply Kernel Variables...
         Starting Flush Journal to Persistent Storage...
[[0;32m  OK  [0m] Mounted FUSE Control File System.
[[0;32m  OK  [0m] Started Load/Save Random Seed.
[[0;32m  OK  [0m] Started Apply Kernel Variables.
[[0;32m  OK  [0m] Started Flush Journal to Persistent Storage.
[[0;32m  OK  [0m] Started Create Static Device Nodes in /dev.
         Starting udev Kernel Device Manager...
[[0;32m  OK  [0m] Started udev Coldplug all Devices.
[[0;32m  OK  [0m] Started udev Kernel Device Manager.
[[0;32m  OK  [0m] Started Dispatch Password Requests to Console Directory Watch.
[[0;32m  OK  [0m] Started Monitoring of LVM2 mirrors,...ng dmeventd or progress polling.
[[0;32m  OK  [0m] Reached target Local File Systems (Pre).
[[0;32m  OK  [0m] Reached target Local File Systems.
         Starting Set console font and keymap...
         Starting Tell Plymouth To Write Out Runtime Data...
         Starting Initial cloud-init job (pre-networking)...
         Starting LSB: AppArmor initialization...
         Starting Commit a transient machine-id on disk...
         Starting Create Volatile Files and Directories...
[[0;32m  OK  [0m] Started Create Volatile Files and Directories.
[[0;32m  OK  [0m] Started Tell Plymouth To Write Out Runtime Data.
         Starting Update UTMP about System Boot/Shutdown...
[[0;32m  OK  [0m] Started Update UTMP about System Boot/Shutdown.
[[0;32m  OK  [0m] Started Commit a transient machine-id on disk.
[[0;32m  OK  [0m] Found device /dev/ttyS0.
[[0;32m  OK  [0m] Listening on Load/Save RF Kill Switch Status /dev/rfkill Watch.
[[0;32m  OK  [0m] Started Set console font and keymap.
[[0;32m  OK  [0m] Created slice system-getty.slice.
[    6.384840] cloud-init[481]: Cloud-init v. 19.4-33-gbb4131a2-0ubuntu1~16.04.1 running 'init-local' at Thu, 09 Jul 2020 17:29:42 +0000. Up 5.73 seconds.
[[0;32m  OK  [0m] Started Initial cloud-init job (pre-networking).
[[0;32m  OK  [0m] Reached target Network (Pre).
[[0;32m  OK  [0m] Started LSB: AppArmor initialization.
         Starting Raise network interfaces...
[[0;32m  OK  [0m] Started Raise network interfaces.
         Starting Initial cloud-init job (metadata service crawler)...
[[0;32m  OK  [0m] Reached target Network.
[    8.077086] cloud-init[939]: Cloud-init v. 19.4-33-gbb4131a2-0ubuntu1~16.04.1 running 'init' at Thu, 09 Jul 2020 17:29:44 +0000. Up 7.54 seconds.
[    8.085132] cloud-init[939]: ci-info: ++++++++++++++++++++++++++++++++++++++Net device info++++++++++++++++++++++++++++++++++++++
[    8.086340] cloud-init[939]: ci-info: +--------+------+----------------------------+---------------+--------+-------------------+
[    8.087673] cloud-init[939]: ci-info: | Device |  Up  |          Address           |      Mask     | Scope  |     Hw-Address    |
[    8.096825] cloud-init[939]: ci-info: +--------+------+----------------------------+---------------+--------+-------------------+
[    8.097910] cloud-init[939]: ci-info: | enp0s3 | True |         10.0.2.15          | 255.255.255.0 | global | 02:35:97:08:6b:2a |
[    8.098995] cloud-init[939]: ci-info: | enp0s3 | True | fe80::35:97ff:fe08:6b2a/64 |       .       |  link  | 02:35:97:08:6b:2a |
[    8.100048] cloud-init[939]: ci-info: |   lo   | True |         127.0.0.1          |   255.0.0.0   |  host  |         .         |
[    8.101165] cloud-init[939]: ci-info: |   lo   | True |          ::1/128           |       .       |  host  |         .         |
[    8.102447] cloud-init[939]: ci-info: +--------+------+----------------------------+---------------+--------+-------------------+
[    8.103988] cloud-init[939]: ci-info: +++++++++++++++++++++++++++Route IPv4 info++++++++++++++++++++++++++++
[    8.105142] cloud-init[939]: ci-info: +-------+-------------+----------+---------------+-----------+-------+
[    8.106438] cloud-init[939]: ci-info: | Route | Destination | Gateway  |    Genmask    | Interface | Flags |
[    8.107768] cloud-init[939]: ci-info: +-------+-------------+----------+---------------+-----------+-------+
[    8.109152] cloud-init[939]: ci-info: |   0   |   0.0.0.0   | 10.0.2.2 |    0.0.0.0    |   enp0s3  |   UG  |
[    8.110589] cloud-init[939]: ci-info: |   1   |   10.0.2.0  | 0.0.0.0  | 255.255.255.0 |   enp0s3  |   U   |
[    8.111987] cloud-init[939]: ci-info: +-------+-------------+----------+---------------+-----------+-------+
[    8.113223] cloud-init[939]: ci-info: +++++++++++++++++++Route IPv6 info+++++++++++++++++++
[    8.114403] cloud-init[939]: ci-info: +-------+-------------+---------+-----------+-------+
[    8.121162] cloud-init[939]: ci-info: | Route | Destination | Gateway | Interface | Flags |
[    8.122129] cloud-init[939]: ci-info: +-------+-------------+---------+-----------+-------+
[    8.128985] cloud-init[939]: ci-info: |   0   |  fe80::/64  |    ::   |   enp0s3  |   U   |
[    8.136851] cloud-init[939]: ci-info: |   3   |   ff00::/8  |    ::   |   enp0s3  |   U   |
[    8.145910] cloud-init[939]: ci-info: +-------+-------------+---------+-----------+-------+
[    8.155570] cloud-init[939]: Generating public/private rsa key pair.
[    8.157248] cloud-init[939]: Your identification has been saved in /etc/ssh/ssh_host_rsa_key.
[    8.157616] cloud-init[939]: Your public key has been saved in /etc/ssh/ssh_host_rsa_key.pub.
[    8.158266] cloud-init[939]: The key fingerprint is:
[    8.159512] cloud-init[939]: SHA256:eZ58VjyfBQWNVYWXBOoQpKX0NFTphuU2RkJ0uVF3JpA root@ubuntu-xenial
[    8.160279] cloud-init[939]: The key's randomart image is:
[    8.160885] cloud-init[939]: +---[RSA 2048]----+
[    8.161420] cloud-init[939]: |       .=X.o===O@|
[    8.161957] cloud-init[939]: |      . *.+*E +=+|
[    8.162639] cloud-init[939]: |       o oB.o .. |
[    8.163403] cloud-init[939]: |         ooO . . |
[    8.163849] cloud-init[939]: |        S =.. + .|
[    8.164749] cloud-init[939]: |         + . . oo|
[    8.165247] cloud-init[939]: |          + o  ..|
[    8.165429] cloud-init[939]: |           o     |
[    8.166086] cloud-init[939]: |                 |
[    8.166390] cloud-init[939]: +----[SHA256]-----+
[[0;32m  OK  [0m] Started Initial cloud-init job (metadata service crawler).
[    8.166672] cloud-init[939]: Generating public/private dsa key pair.
[    8.175237] cloud-init[939]: Your identification has been saved in /etc/ssh/ssh_host_dsa_key.
[    8.175534] cloud-init[939]: Your public key has been saved in /etc/ssh/ssh_host_dsa_key.pub.
[[0;32m  OK  [0m] Reached target Cloud-config availability.
[    8.175944] cloud-init[939]: The key fingerprint is:
[[0;32m  OK  [0m] Reached target Network is Online.
[    8.178210] cloud-init[939]: SHA256:gatIYi97tqM6LfWO/LQ6cRCw3pzLy7G9u82WV9mJajI root@ubuntu-xenial
[    8.180304] cloud-init[939]: The key's randomart image is:
[    8.189607] cloud-init[939]: +---[DSA 1024]----+
         Starting iSCSI initiator daemon (iscsid)...
[[0;32m  OK  [0m] Reached target System Initialization.
[[0;32m  OK  [0m] Listening on ACPID Listen Socket.
[    8.191723] cloud-init[939]: |..               |
[    8.199151] cloud-init[939]: | ..    .         |
[    8.199518] cloud-init[939]: |.  .  . .        |
[[0;32m  OK  [0m] Started ACPI Events Check.
[[    8.200142] cloud-init[939]: |. + .  . .       |
[0;32m  OK  [0m] Reached target Paths.
[[    8.209160] [0;32m  OK  [0mcloud-init] [939]: Started Message of the Day.|.o.=  . S   + .  |

[    8.210971] cloud-init[939]: |.o=.o.     + o   |
[    8.211212]          cloud-initStarting Socket activation for snappy daemon.[939]: 
| +.Oo   . o      |
[    8.220837] cloud-init[939]: |o.***.oE +       |
[    8.221023] [cloud-init[0;32m  OK  [0m[939]: ] |o=BX*==o=        |Listening on UUID daemon activation socket.

[    8.221072] cloud-init[939]: +----[SHA256]-----+
[[0;32m  OK  [0m] Started Daily apt download activities.
[    8.222407] cloud-init[939]: Generating public/private ecdsa key pair.
[[0;32m  OK  [0m] Listening on D-Bus System Message Bus Socket.
[    8.223463] cloud-init[939]: Your identification has been saved in /etc/ssh/ssh_host_ecdsa_key.
[    8.224966] cloud-init[939]: Your public key has been saved in /etc/ssh/ssh_host_ecdsa_key.pub.
[    8.225134] [cloud-init[0;32m  OK  [0m[939]: ] The key fingerprint is:Started Daily apt upgrade and clean activities.

[    8.225182] cloud-init[939]: SHA256:vyF0y5FAsvslU9Ghwu1Hb8vv2XRm8qlehfZZcxdnsK4 root@ubuntu-xenial
[[0;32m  OK  [0m] Started Daily Cleanup of Temporary Directories.
[[    8.232857] [0;32m  OK  [0mcloud-init] [939]: Reached target Timers.The key's randomart image is:

[    8.242107] cloud-init[939]: +---[ECDSA 256]---+
[    8.242390] cloud-init[939]: |      . . .....  |
[    8.242709] cloud-init[939]: |       = . o.  o |
         [    8.243350] Starting LXD - unix socket.cloud-init
[939]: |      . + + . ..o|
[    8.243429] cloud-init[939]: |       . = o o oo|
[    8.264522] cloud-init[939]: |      . S * . *.=|
[    8.264771] [cloud-init[0;32m  OK  [0m[939]: ] |       o B + = oB|Listening on Socket activation for snappy daemon.

[    8.264817] cloud-init[939]: |        o = E +o*|
[[0;32m  OK  [0m] Listening on LXD - unix socket.
[    8.266427] cloud-init[939]: |         . o  .B=|
[[    8.267410] [0;32m  OK  [0mcloud-init] [939]: Reached target Sockets.|          . .o.+=|

[    8.276317] cloud-init[939]: +----[SHA256]-----+
[    8.276544] cloud-init[939]: Generating public/private ed25519 key pair.
[[0;32m  OK  [0m] Reached target Basic System.
[    8.276601] cloud-init[939]: Your identification has been saved in /etc/ssh/ssh_host_ed25519_key.
[    8.286076] cloud-init[939]: Your public key has been saved in /etc/ssh/ssh_host_ed25519_key.pub.
[    8.287549] cloud-init[939]: The key fingerprint is:
[    8.287788] [cloud-init[0;32m  OK  [0m[939]: ] SHA256:4py6mKYHjz30yPc7+0Z5eg5wtaUlEHXZCrVZVAAjUtI root@ubuntu-xenialStarted Regular background program processing daemon.

[    8.287831] cloud-init[939]: The key's randomart image is:
[    8.300876] cloud-init[939]: +--[ED25519 256]--+
[    8.301188] cloud-init[939]: |        ==+.==+o.|
[    8.301392] cloud-init[939]: |         +Eo.=.  |
[    8.301516] [cloud-init[0;32m  OK  [0m[939]: ] |          o.=.   |Started FUSE filesystem for LXC.

[    8.301566] cloud-init[939]: |         . *.    |
[    8.309125] cloud-init[939]: |      o S.o      |
[    8.309935] cloud-init[939]: |. .  o =o .      |
[    8.320851] cloud-init[939]: | B o  +..o       |
[    8.321561] cloud-init[939]: |. Ooo.. o..      |
         Starting /etc/rc.local Compatibility...
[    8.333206] cloud-init[939]: |.+oooo+*.o.      |
[    8.352835] cloud-init[939]: +----[SHA256]-----+
         Starting Login Service...
         Starting LXD - container startup/shutdown...
[[0;32m  OK  [0m] Started ACPI event daemon.
[[0;32m  OK  [0m] Started Deferred execution scheduler.
         Starting Pollinate to seed the pseudo random number generator...
         Starting System Logging Service...
[[0;32m  OK  [0m] Started D-Bus System Message Bus.
         Starting Accounts Service...
         Starting LSB: Record successful boot for GRUB...
         Starting LSB: MD monitoring daemon...
         Starting Virtualbox guest utils...
         Starting Snappy daemon...
[[0;32m  OK  [0m] Started System Logging Service.
[[0;32m  OK  [0m] Started iSCSI initiator daemon (iscsid).
[[0;32m  OK  [0m] Started /etc/rc.local Compatibility.
         Starting Login to default iSCSI targets...
[[0;32m  OK  [0m] Started LSB: Record successful boot for GRUB.
[[0;32m  OK  [0m] Started Login Service.
[[0;32m  OK  [0m] Started Unattended Upgrades Shutdown.
[[0;32m  OK  [0m] Started LSB: MD monitoring daemon.
[[0;32m  OK  [0m] Started Login to default iSCSI targets.
         Starting Authenticate and Authorize Users to Run Privileged Tasks...
[[0;32m  OK  [0m] Reached target Remote File Systems (Pre).
[[0;32m  OK  [0m] Reached target Remote File Systems.
         Starting LSB: daemon to balance interrupts for SMP systems...
         Starting LSB: automatic crash report generation...
         Starting Permit User Sessions...
         Starting LSB: Set the CPU Frequency Scaling governor to "ondemand"...
[[0;32m  OK  [0m] Started Permit User Sessions.
         Starting Hold until boot process finishes up...
         Starting Terminate Plymouth Boot Screen...
[[0;32m  OK  [0m] Started Hold until boot process finishes up.
[[0;32m  OK  [0m] Started Terminate Plymouth Boot Screen.
[[0;32m  OK  [0m] Started Virtualbox guest utils.
[[0;32m  OK  [0m] Started LXD - container startup/shutdown.
[[0;32m  OK  [0m] Started Serial Getty on ttyS0.
[[0;32m  OK  [0m] Started Getty on tty1.
[[0;32m  OK  [0m] Reached target Login Prompts.
         Starting Set console scheme...
[[0;32m  OK  [0m] Started Set console scheme.
[[0;32m  OK  [0m] Started LSB: Set the CPU Frequency Scaling governor to "ondemand".
[[0;32m  OK  [0m] Started LSB: daemon to balance interrupts for SMP systems.
[[0;32m  OK  [0m] Started Authenticate and Authorize Users to Run Privileged Tasks.
[[0;32m  OK  [0m] Started LSB: automatic crash report generation.
[[0;32m  OK  [0m] Started Accounts Service.
[[0;32m  OK  [0m] Started Snappy daemon.
         Starting Wait until snapd is fully seeded...
[[0;32m  OK  [0m] Started Pollinate to seed the pseudo random number generator.
         Starting OpenBSD Secure Shell server...
[[0;32m  OK  [0m] Started OpenBSD Secure Shell server.
[[0;32m  OK  [0m] Started Wait until snapd is fully seeded.
         Starting Apply the settings specified in cloud-config...
[[0;32m  OK  [0m] Reached target Multi-User System.
[[0;32m  OK  [0m] Reached target Graphical Interface.
         Starting Update UTMP about System Runlevel Changes...
[[0;32m  OK  [0m] Started Update UTMP about System Runlevel Changes.
[    9.892070] cloud-init[1289]: Generating locales (this might take a while)...
[   10.983571] cloud-init[1289]:   en_US.UTF-8... done
[   10.984713] cloud-init[1289]: Generation complete.
[   11.326071] cloud-init[1289]: Cloud-init v. 19.4-33-gbb4131a2-0ubuntu1~16.04.1 running 'modules:config' at Thu, 09 Jul 2020 17:29:46 +0000. Up 9.75 seconds.
[[0;32m  OK  [0m] Started Apply the settings specified in cloud-config.
         Starting Execute cloud user/final scripts...
ci-info: no authorized SSH keys fingerprints found for user ubuntu.
<14>Jul  9 17:29:48 ec2: 
<14>Jul  9 17:29:48 ec2: #############################################################
<14>Jul  9 17:29:48 ec2: -----BEGIN SSH HOST KEY FINGERPRINTS-----
<14>Jul  9 17:29:48 ec2: 1024 SHA256:gatIYi97tqM6LfWO/LQ6cRCw3pzLy7G9u82WV9mJajI root@ubuntu-xenial (DSA)
<14>Jul  9 17:29:48 ec2: 256 SHA256:vyF0y5FAsvslU9Ghwu1Hb8vv2XRm8qlehfZZcxdnsK4 root@ubuntu-xenial (ECDSA)
<14>Jul  9 17:29:48 ec2: 256 SHA256:4py6mKYHjz30yPc7+0Z5eg5wtaUlEHXZCrVZVAAjUtI root@ubuntu-xenial (ED25519)
<14>Jul  9 17:29:48 ec2: 2048 SHA256:eZ58VjyfBQWNVYWXBOoQpKX0NFTphuU2RkJ0uVF3JpA root@ubuntu-xenial (RSA)
<14>Jul  9 17:29:48 ec2: -----END SSH HOST KEY FINGERPRINTS-----
<14>Jul  9 17:29:48 ec2: #############################################################
-----BEGIN SSH HOST KEY KEYS-----
ecdsa-sha2-nistp256 AAAAE2VjZHNhLXNoYTItbmlzdHAyNTYAAAAIbmlzdHAyNTYAAABBBEG3JRc36sJ+X98m0JpgI0npK9mUnNV4OhR8rh0LzZpoILA7nS9MypZZvkYktCs+4CZejH+patK3lSx3bJ4D6Cg= root@ubuntu-xenial
ssh-ed25519 AAAAC3NzaC1lZDI1NTE5AAAAIFS1JqvH/gRGohC2xWZueC21NGkHar0EVo5pVlyZ2YCK root@ubuntu-xenial
ssh-rsa AAAAB3NzaC1yc2EAAAADAQABAAABAQDPRkrMsiJvov/W87Sh8dudoNpMzvmnyaHB2VZttgq0mqsDQL7urq0LmATIaLPGRFdygfCA3gNHlgbcQDFzvEu8x1fkAyttGBNZ+4E80UuO50zQG/Vn5X8M9AWIKObJNCG5k1qxfhSshlAfUk5mu0ho/MPwYxJmPpvFhAuTWBIaQD9DfCsynXwIFAdDPYl5rPkLD4JHdTrbr8mK4eX1UrW8bLXWRyiDz7HyhdizpZTxkJ8Aaaw0mTw4DFkeAvpjJLT1zOYQE80GemW5+JZ2LJXGuzDKOTr9cyv4kdngt2DgWMI0HFL8JW+TlVTnkpuM6G4oJLEGrQAnj+af9//tcN77 root@ubuntu-xenial
-----END SSH HOST KEY KEYS-----
[   11.940864] cloud-init[1330]: Cloud-init v. 19.4-33-gbb4131a2-0ubuntu1~16.04.1 running 'modules:final' at Thu, 09 Jul 2020 17:29:48 +0000. Up 11.75 seconds.
[   11.948754] cloud-init[1330]: ci-info: no authorized SSH keys fingerprints found for user ubuntu.
[   11.956499] cloud-init[1330]: Cloud-init v. 19.4-33-gbb4131a2-0ubuntu1~16.04.1 finished at Thu, 09 Jul 2020 17:29:48 +0000. Datasource DataSourceNoCloud [seed=/dev/sdb][dsmode=net].  Up 11.92 seconds
[[0;32m  OK  [0m] Started Execute cloud user/final scripts.
[[0;32m  OK  [0m] Reached target Cloud-init target.

Ubuntu 16.04.6 LTS ubuntu-xenial ttyS0

ubuntu-xenial login: 